[01:57:15] [Server thread/INFO]: Kryptonia[/139.195.147.166:52910] logged in with entity id 3724165 at ([world]14.367525704524349, 67.0, 291.68710333840204)
[01:58:14] [Netty Server IO #0/WARN]: An exceptionCaught() event was fired, and it reached at the tail of the pipeline. It usually means the last handler in the pipeline did not handle the exception.
io.netty.channel.StacklessClosedChannelException: null
	at io.netty.channel.AbstractChannel$AbstractUnsafe.write(Object, ChannelPromise)(Unknown Source) ~[netty-all-4.1.68.Final.jar:4.1.68.Final]
[01:58:14] [Server thread/INFO]: Kryptonia lost connection: Disconnected
[01:58:14] [Server thread/INFO]: Kryptonia left the game
[02:09:06] [Server thread/INFO]: Kryptonia[/139.195.147.166:53155] logged in with entity id 3724687 at ([world]30.049577765214515, 67.0, 289.19025122303003)
[02:10:06] [Server thread/INFO]: Kryptonia lost connection: MCIF21, Ketik Passwordnya Bujang!!!
[02:10:06] [Server thread/INFO]: Kryptonia left the game
[02:11:16] [Server thread/INFO]: Kryptonia[/139.195.147.166:53178] logged in with entity id 3724915 at ([world]30.049577765214515, 67.0, 289.19025122303003)
[02:17:10] [Server thread/INFO]: kresna009CH[/139.0.160.28:49857] logged in with entity id 3726383 at ([world]892.4875000119209, 93.76485200632395, 1288.6797623963794)
[02:17:33] [Server thread/WARN]: Can't keep up! Is the server overloaded? Running 5013ms or 100 ticks behind
[02:17:33] [Server thread/INFO]: <kresna009CH> rajin amat bri[m
[02:17:34] [Server thread/INFO]: <kresna009CH> bro[m
[02:17:40] [Server thread/INFO]: <Kryptonia> wkwkwk[m
[02:17:51] [Server thread/INFO]: <Kryptonia> sini bwang jalan jalan ke rumah ku[m
[02:23:08] [Server thread/INFO]: <Kryptonia> mas kris[m
[02:23:11] [Server thread/INFO]: <Kryptonia> mau diamond ga[m
[02:23:16] [Server thread/INFO]: <Kryptonia> kebanyakan diamond ku[m
[02:23:22] [Server thread/INFO]: <kresna009CH> anjing sombong[m
[02:23:32] [Server thread/INFO]: <Kryptonia> saya nawarin mas :')[m
[02:23:45] [Server thread/INFO]: <kresna009CH> ndamau, aku udah kebanyakan emerald :v[m
[02:23:48] [Server thread/INFO]: <Kryptonia> bruh[m
[02:23:50] [Server thread/INFO]: <Kryptonia> ssama[m
[02:26:12] [Server thread/WARN]: Can't keep up! Is the server overloaded? Running 5008ms or 100 ticks behind
[02:27:43] [Server thread/WARN]: Can't keep up! Is the server overloaded? Running 5406ms or 108 ticks behind
[02:28:49] [Server thread/WARN]: Can't keep up! Is the server overloaded? Running 5010ms or 100 ticks behind
[02:29:04] [Server thread/INFO]: kresna009CH lost connection: Disconnected
[02:29:04] [Server thread/INFO]: kresna009CH left the game
[02:29:06] [Server thread/INFO]: kresna009CH[/139.0.160.28:49913] logged in with entity id 3731254 at ([world]899.56735954525, -1.0, 1398.9703080172428)
[02:31:55] [Server thread/WARN]: Can't keep up! Is the server overloaded? Running 5011ms or 100 ticks behind
[02:42:48] [Server thread/WARN]: Can't keep up! Is the server overloaded? Running 5028ms or 100 ticks behind
[02:48:04] [Server thread/WARN]: Can't keep up! Is the server overloaded? Running 5006ms or 100 ticks behind
[02:59:10] [Server thread/INFO]: kresna009CH lost connection: Disconnected
[02:59:10] [Server thread/INFO]: kresna009CH left the game
[03:20:53] [Server thread/INFO]: kyy_15[/180.248.215.44:58921] logged in with entity id 3746687 at ([world]-217.80322588235356, 63.0, 1248.9647453481418)
[03:21:53] [Server thread/INFO]: kyy_15 lost connection: MCIF21, Ketik Passwordnya Bujang!!!
[03:21:53] [Server thread/INFO]: kyy_15 left the game
[03:31:15] [Server thread/INFO]: kyy_15[/180.248.215.44:59282] logged in with entity id 3749143 at ([world]-217.80322588235356, 63.0, 1248.9647453481418)
[03:31:45] [Server thread/INFO]: kyy_15 lost connection: Disconnected
[03:31:45] [Server thread/INFO]: kyy_15 left the game
[03:32:30] [Server thread/INFO]: kyy_15[/180.248.215.44:59339] logged in with entity id 3749823 at ([world]-217.80322588235356, 63.0, 1248.9647453481418)
[03:44:55] [Server thread/INFO]: kyy_15 lost connection: Timed out
[03:44:55] [Server thread/INFO]: kyy_15 left the game
[03:45:06] [Server thread/INFO]: kyy_15[/180.248.215.44:59784] logged in with entity id 3754007 at ([world]-218.72462303807396, 64.0, 1250.6902113416984)
[03:45:56] [Server thread/INFO]: kyy_15 lost connection: Timed out
[03:45:56] [Server thread/INFO]: kyy_15 left the game
[03:46:55] [Server thread/INFO]: kyy_15[/180.248.215.44:59864] logged in with entity id 3754699 at ([world]-218.72462303807396, 64.0, 1250.6902113416984)
[03:47:45] [Server thread/INFO]: kyy_15 lost connection: Timed out
[03:47:45] [Server thread/INFO]: kyy_15 left the game
[04:01:37] [Server thread/INFO]: kyy_15[/114.122.231.5:62903] logged in with entity id 3757831 at ([world]-218.72462303807396, 64.0, 1250.6902113416984)
[04:01:53] [Server thread/WARN]: Can't keep up! Is the server overloaded? Running 5003ms or 100 ticks behind
[04:02:13] [Server thread/INFO]: Kryptonia lost connection: Disconnected
[04:02:13] [Server thread/INFO]: Kryptonia left the game
[04:17:43] [Server thread/INFO]: Kryptonia[/139.195.147.166:63843] logged in with entity id 3761017 at ([world]149.24175364580879, 63.0, 218.98394990245183)
[04:33:31] [Server thread/INFO]: kyy_15 has completed the challenge [Hero of the Village]
[04:40:35] [Server thread/INFO]: GYUEFS2010[/36.75.67.231:8965] logged in with entity id 3770999 at ([world]908.9942203256709, 101.0, 1294.0561356995715)
[04:41:02] [Server thread/WARN]: Can't keep up! Is the server overloaded? Running 5028ms or 100 ticks behind
[04:41:25] [Server thread/INFO]: GYUEFS2010 lost connection: Timed out
[04:41:25] [Server thread/INFO]: GYUEFS2010 left the game
[04:41:38] [Server thread/WARN]: Can't keep up! Is the server overloaded? Running 5711ms or 114 ticks behind
[04:41:58] [Server thread/INFO]: GYUEFS2010[/36.75.67.231:10750] logged in with entity id 3771920 at ([world]908.9942203256709, 101.0, 1294.0561356995715)
[04:42:16] [Server thread/WARN]: Can't keep up! Is the server overloaded? Running 5048ms or 100 ticks behind
[04:42:17] [Server thread/INFO]: <GYUEFS2010> if21[m
[04:42:37] [Server thread/INFO]: <GYUEFS2010> if21[m
[04:42:48] [Server thread/INFO]: GYUEFS2010 lost connection: Timed out
[04:42:48] [Server thread/INFO]: GYUEFS2010 left the game
[04:42:52] [Server thread/WARN]: Can't keep up! Is the server overloaded? Running 6611ms or 132 ticks behind
[04:43:25] [Server thread/INFO]: GYUEFS2010[/36.75.67.231:31718] logged in with entity id 3773070 at ([world]908.9942203256709, 101.0, 1294.0561356995715)
[04:43:42] [Server thread/WARN]: Can't keep up! Is the server overloaded? Running 5023ms or 100 ticks behind
[04:44:15] [Server thread/INFO]: GYUEFS2010 lost connection: Timed out
[04:44:15] [Server thread/INFO]: GYUEFS2010 left the game
[04:44:22] [Server thread/WARN]: Can't keep up! Is the server overloaded? Running 10382ms or 207 ticks behind
[05:04:41] [Server thread/INFO]: kresna009CH[/139.0.160.28:52382] logged in with entity id 3783815 at ([world]900.6849614381589, -1.0, 1395.699999988079)
[05:04:50] [Server thread/INFO]: <Kryptonia> BANG KRIS[m
[05:04:59] [Server thread/WARN]: Can't keep up! Is the server overloaded? Running 5132ms or 102 ticks behind
[05:05:03] [Server thread/INFO]: <Kryptonia> mau redstone 1 chess ga?[m
[05:05:20] [Server thread/INFO]: kresna009CH lost connection: MCIF21, Password Salah Bujang!!!
[05:05:20] [Server thread/INFO]: kresna009CH left the game
[05:05:23] [Server thread/INFO]: <Kryptonia> yeee[m
[05:05:31] [Server thread/INFO]: <kyy_15> wwkwkkw[m
[05:05:37] [Server thread/INFO]: <Kryptonia> kon mau kah ki?[m
[05:06:33] [Server thread/INFO]: kresna009CH[/139.0.160.28:52390] logged in with entity id 3784906 at ([world]900.6849614381589, -1.0, 1395.699999988079)
[05:07:03] [Server thread/WARN]: Can't keep up! Is the server overloaded? Running 5133ms or 102 ticks behind
[05:07:24] [Server thread/INFO]: kresna009CH lost connection: Timed out
[05:07:24] [Server thread/INFO]: kresna009CH left the game
[05:07:29] [Server thread/INFO]: kresna009CH[/139.0.160.28:52401] logged in with entity id 3785641 at ([world]900.6849614381589, -1.0, 1395.699999988079)
[05:07:42] [Server thread/WARN]: Can't keep up! Is the server overloaded? Running 8990ms or 179 ticks behind
[05:08:18] [Server thread/WARN]: Can't keep up! Is the server overloaded? Running 6008ms or 120 ticks behind
[05:08:19] [Server thread/INFO]: kresna009CH lost connection: Timed out
[05:08:19] [Server thread/INFO]: kresna009CH left the game
[05:09:17] [Server thread/INFO]: <kyy_15> apa[m
[05:09:23] [Server thread/INFO]: <Kryptonia> redstone 1 chess[m
[05:09:41] [Server thread/INFO]: <kyy_15> gak ah[m
[05:09:57] [Server thread/INFO]: <kyy_15> jarang pakai redstone[m
[05:10:02] [Server thread/INFO]: <Kryptonia> lapis?[m
[05:10:11] [Server thread/INFO]: kresna009CH[/139.0.160.28:52420] logged in with entity id 3786844 at ([world]900.6849614381589, -1.0, 1395.699999988079)
[05:10:40] [Server thread/WARN]: Can't keep up! Is the server overloaded? Running 5169ms or 103 ticks behind
[05:11:26] [Server thread/WARN]: Can't keep up! Is the server overloaded? Running 15939ms or 318 ticks behind
[05:12:09] [Server thread/WARN]: Can't keep up! Is the server overloaded? Running 13116ms or 262 ticks behind
[05:12:53] [Server thread/WARN]: Can't keep up! Is the server overloaded? Running 13498ms or 269 ticks behind
[05:13:01] [Server thread/INFO]: BAWWRRR[/125.164.13.129:60211] logged in with entity id 3788422 at ([world]67.87517794919052, 62.073264324665075, 795.6165533242269)
[05:13:48] [Server thread/WARN]: Can't keep up! Is the server overloaded? Running 24829ms or 496 ticks behind
[05:14:34] [Server thread/WARN]: Can't keep up! Is the server overloaded? Running 16608ms or 332 ticks behind
[05:14:36] [Server thread/INFO]: <kyy_15> nanti ae[m
[05:15:20] [Server thread/WARN]: Can't keep up! Is the server overloaded? Running 15746ms or 314 ticks behind
[05:16:04] [Server thread/WARN]: Can't keep up! Is the server overloaded? Running 13668ms or 273 ticks behind
[05:16:38] [Server thread/INFO]: <kresna009CH> ada punya slime ga?[m
[05:16:43] [Server thread/INFO]: <Kryptonia> ada[m
[05:16:48] [Server thread/INFO]: <kresna009CH> trade[m
[05:16:50] [Server thread/INFO]: <Kryptonia> tapi aku jauh mas[m
[05:16:53] [Server thread/WARN]: Can't keep up! Is the server overloaded? Running 19853ms or 397 ticks behind
[05:16:55] [Server thread/INFO]: <kresna009CH> dimana[m
[05:17:04] [Server thread/INFO]: <Kryptonia> lagi nambang[m
[05:17:06] [Server thread/INFO]: <Kryptonia> hehe[m
[05:17:10] [Server thread/INFO]: <kresna009CH> mati aja:v[m
[05:17:27] [Server thread/INFO]: <Kryptonia> bentar[m
[05:17:41] [Server thread/WARN]: Can't keep up! Is the server overloaded? Running 17122ms or 342 ticks behind
[05:18:00] [Server thread/INFO]: Kryptonia burned to death
[05:18:08] [Server thread/INFO]: <Kryptonia> sini mas[m
[05:18:11] [Server thread/INFO]: <Kryptonia> ke beacon[m
[05:18:18] [Server thread/INFO]: <Kryptonia> trade sama glowstone mau?[m
[05:18:28] [Server thread/INFO]: <kresna009CH> berapa[m
[05:18:30] [Server thread/WARN]: Can't keep up! Is the server overloaded? Running 19742ms or 394 ticks behind
[05:18:31] [Server thread/INFO]: <Kryptonia> 16[m
[05:18:34] [Server thread/INFO]: <kresna009CH> ok[m
[05:18:40] [Server thread/INFO]: <kresna009CH> dapet berapa slime nih[m
[05:18:45] [Server thread/INFO]: <Kryptonia> bentar tak cek[m
[05:18:56] [Server thread/INFO]: <Kryptonia> 24[m
[05:19:04] [Server thread/INFO]: <Kryptonia> deal?[m
[05:19:10] [Server thread/WARN]: Can't keep up! Is the server overloaded? Running 9557ms or 191 ticks behind
[05:19:13] [Server thread/INFO]: <kresna009CH> ok[m
[05:19:52] [Server thread/WARN]: Can't keep up! Is the server overloaded? Running 5057ms or 101 ticks behind
[05:20:33] [Server thread/WARN]: Can't keep up! Is the server overloaded? Running 10951ms or 219 ticks behind
[05:21:11] [Server thread/WARN]: Can't keep up! Is the server overloaded? Running 7272ms or 145 ticks behind
[05:21:59] [Server thread/WARN]: Can't keep up! Is the server overloaded? Running 18317ms or 366 ticks behind
[05:22:40] [Server thread/WARN]: Can't keep up! Is the server overloaded? Running 10704ms or 214 ticks behind
[05:22:46] [Server thread/INFO]: <Kryptonia> kalau dah sampai beacon bilang mas[m
[05:22:54] [Server thread/INFO]: <Kryptonia> saya mau ke base dulu[m
[05:22:55] [Server thread/INFO]: <kresna009CH> udahw[m
[05:22:57] [Server thread/INFO]: <Kryptonia> ada gojek[m
[05:23:21] [Server thread/WARN]: Can't keep up! Is the server overloaded? Running 11295ms or 225 ticks behind
[05:23:27] [Server thread/INFO]: <Kryptonia> mas[m
[05:23:30] [Server thread/INFO]: <kresna009CH> bentar[m
[05:23:34] [Server thread/INFO]: <kresna009CH> gabisa buka[m
[05:23:46] [Server thread/INFO]: <kresna009CH> ender chest ku ilang cog[m
[05:23:54] [Server thread/INFO]: <Kryptonia> itu di tangan mu mas[m
[05:23:57] [Server thread/WARN]: Can't keep up! Is the server overloaded? Running 5997ms or 119 ticks behind
[05:24:22] [Server thread/INFO]: <kresna009CH> anjir[m
[05:24:25] [Server thread/INFO]: <Kryptonia> ambil aja[m
[05:24:30] [Server thread/INFO]: <kresna009CH> thx[m
[05:24:34] [Server thread/INFO]: <Kryptonia> iya sama sama[m
[05:24:51] [Server thread/INFO]: <kresna009CH> nether dimana[m
[05:24:54] [Server thread/INFO]: <Kryptonia> mau pumpkin mas?[m
[05:25:01] [Server thread/INFO]: <kresna009CH> udah banyak :v[m
[05:25:06] [Server thread/INFO]: <Kryptonia> aku dak ada portal mas[m
[05:25:11] [Server thread/INFO]: <Kryptonia> ikut aku aja sini[m
[05:25:22] [Server thread/WARN]: Can't keep up! Is the server overloaded? Running 5040ms or 100 ticks behind
[05:27:05] [Server thread/WARN]: Can't keep up! Is the server overloaded? Running 5025ms or 100 ticks behind
[05:27:32] [Server thread/INFO]: <Kryptonia> ok sampai[m
[05:27:41] [Server thread/INFO]: <Kryptonia> aku lanjut ya mas[m
[05:27:41] [Server thread/INFO]: <kresna009CH> mantab[m
[05:27:43] [Server thread/INFO]: <kresna009CH> okay[m
[05:27:56] [Server thread/WARN]: Can't keep up! Is the server overloaded? Running 5009ms or 100 ticks behind
[05:28:48] [Server thread/WARN]: Can't keep up! Is the server overloaded? Running 22214ms or 444 ticks behind
[05:29:47] [Server thread/INFO]: <BAWWRRR> MAU NANYA NIH SERVERNYA YANG NGE LAG APA JARINGANKU YA?[m
[05:29:51] [Server thread/WARN]: Can't keep up! Is the server overloaded? Running 33012ms or 660 ticks behind
[05:30:03] [Server thread/INFO]: <Kryptonia> kaya nya server deh[m
[05:30:39] [Server thread/WARN]: Can't keep up! Is the server overloaded? Running 17909ms or 358 ticks behind
[05:30:41] [Server thread/INFO]: kresna009CH lost connection: Disconnected
[05:30:41] [Server thread/INFO]: kresna009CH left the game
[05:31:19] [Server thread/INFO]: Shinting[/125.163.135.132:58166] logged in with entity id 3801267 at ([world]867.1943478548329, 122.875, 1311.6650605395707)
[05:31:25] [Server thread/WARN]: Can't keep up! Is the server overloaded? Running 7061ms or 141 ticks behind
[05:31:33] [Server thread/INFO]: <Shinting> if21[m
[05:32:09] [Server thread/INFO]: Shinting lost connection: Timed out
[05:32:09] [Server thread/INFO]: Shinting left the game
[05:32:21] [Server thread/WARN]: Can't keep up! Is the server overloaded? Running 25559ms or 511 ticks behind
[05:32:27] [Server thread/INFO]: Shinting[/125.163.135.132:52867] logged in with entity id 3802092 at ([world]867.1943478548329, 122.875, 1311.6650605395707)
[05:32:36] [Server thread/INFO]: <Shinting> if21[m
[05:32:43] [Server thread/INFO]: <Shinting> if21[m
[05:33:17] [Server thread/INFO]: Shinting lost connection: Timed out
[05:33:17] [Server thread/INFO]: Shinting left the game
[05:33:17] [Server thread/WARN]: Can't keep up! Is the server overloaded? Running 26782ms or 535 ticks behind
[05:33:35] [Server thread/INFO]: Shinting[/125.163.135.132:52889] logged in with entity id 3802928 at ([world]864.0213060190795, 106.7531999805212, 1303.0705154916566)
[05:34:07] [Server thread/WARN]: Can't keep up! Is the server overloaded? Running 19467ms or 389 ticks behind
[05:34:25] [Server thread/INFO]: Shinting lost connection: Timed out
[05:34:25] [Server thread/INFO]: Shinting left the game
[05:34:46] [Server thread/WARN]: Can't keep up! Is the server overloaded? Running 9231ms or 184 ticks behind
[05:36:43] [Server thread/WARN]: Can't keep up! Is the server overloaded? Running 5012ms or 100 ticks behind
[05:38:57] [Server thread/INFO]: kresna009CH[/139.0.160.28:62137] logged in with entity id 3805469 at ([world]873.4397315388576, 130.0, 1322.645942669321)
[05:39:09] [Server thread/WARN]: Can't keep up! Is the server overloaded? Running 5015ms or 100 ticks behind
[05:39:59] [Server thread/WARN]: Can't keep up! Is the server overloaded? Running 20548ms or 410 ticks behind
[05:40:45] [Server thread/WARN]: Can't keep up! Is the server overloaded? Running 15218ms or 304 ticks behind
[05:41:37] [Server thread/WARN]: Can't keep up! Is the server overloaded? Running 21926ms or 438 ticks behind
[05:42:24] [Server thread/WARN]: Can't keep up! Is the server overloaded? Running 17621ms or 352 ticks behind
[05:43:22] [Server thread/WARN]: Can't keep up! Is the server overloaded? Running 27448ms or 548 ticks behind
[05:44:06] [Server thread/WARN]: Can't keep up! Is the server overloaded? Running 14369ms or 287 ticks behind
[05:44:47] [Server thread/WARN]: Can't keep up! Is the server overloaded? Running 11299ms or 225 ticks behind
[05:45:26] [Server thread/WARN]: Can't keep up! Is the server overloaded? Running 9031ms or 180 ticks behind
[05:46:08] [Server thread/WARN]: Can't keep up! Is the server overloaded? Running 12019ms or 240 ticks behind
[05:46:49] [Server thread/WARN]: Can't keep up! Is the server overloaded? Running 11244ms or 224 ticks behind
[05:47:31] [Server thread/WARN]: Can't keep up! Is the server overloaded? Running 11467ms or 229 ticks behind
[05:48:17] [Server thread/WARN]: Can't keep up! Is the server overloaded? Running 15882ms or 317 ticks behind
[05:49:02] [Server thread/WARN]: Can't keep up! Is the server overloaded? Running 15339ms or 306 ticks behind
[05:49:53] [Server thread/WARN]: Can't keep up! Is the server overloaded? Running 21051ms or 421 ticks behind
[05:50:43] [Server thread/WARN]: Can't keep up! Is the server overloaded? Running 20352ms or 407 ticks behind
[05:51:27] [Server thread/INFO]: Kryptonia lost connection: Disconnected
[05:51:27] [Server thread/INFO]: Kryptonia left the game
[05:51:33] [Server thread/WARN]: Can't keep up! Is the server overloaded? Running 19987ms or 399 ticks behind
[05:52:19] [Server thread/WARN]: Can't keep up! Is the server overloaded? Running 15762ms or 315 ticks behind
[05:53:05] [Server thread/WARN]: Can't keep up! Is the server overloaded? Running 16065ms or 321 ticks behind
[05:53:51] [Server thread/WARN]: Can't keep up! Is the server overloaded? Running 16333ms or 326 ticks behind
[05:54:30] [Server thread/WARN]: Can't keep up! Is the server overloaded? Running 8718ms or 174 ticks behind
[05:55:12] [Server thread/WARN]: Can't keep up! Is the server overloaded? Running 11474ms or 229 ticks behind
[05:55:33] [Server thread/INFO]: GYUEFS2010[/36.75.65.213:29187] logged in with entity id 3814772 at ([world]868.9769821433417, 98.0, 1323.1806249943388)
[05:55:53] [Server thread/WARN]: Can't keep up! Is the server overloaded? Running 11503ms or 230 ticks behind
[05:56:07] [Server thread/INFO]: <GYUEFS2010> if21[m
[05:56:23] [Server thread/INFO]: GYUEFS2010 lost connection: Timed out
[05:56:23] [Server thread/INFO]: GYUEFS2010 left the game
[05:56:32] [Server thread/WARN]: Can't keep up! Is the server overloaded? Running 8638ms or 172 ticks behind
[05:57:01] [Server thread/INFO]: GYUEFS2010[/36.75.65.213:17812] logged in with entity id 3815378 at ([world]868.9769821433417, 98.0, 1323.1806249943388)
[05:57:12] [Server thread/INFO]: <GYUEFS2010> if21[m
[05:57:14] [Server thread/WARN]: Can't keep up! Is the server overloaded? Running 12442ms or 248 ticks behind
[05:57:16] [Server thread/INFO]: <GYUEFS2010> if21[m
[05:57:22] [Server thread/INFO]: GYUEFS2010 lost connection: Disconnected
[05:57:22] [Server thread/INFO]: GYUEFS2010 left the game
[05:57:54] [Server thread/WARN]: Can't keep up! Is the server overloaded? Running 10445ms or 208 ticks behind
[05:58:31] [Server thread/WARN]: Can't keep up! Is the server overloaded? Running 7078ms or 141 ticks behind
[05:59:15] [Server thread/WARN]: Can't keep up! Is the server overloaded? Running 13404ms or 268 ticks behind
[06:00:06] [Server thread/WARN]: Can't keep up! Is the server overloaded? Running 21035ms or 420 ticks behind
[06:00:56] [Server thread/WARN]: Can't keep up! Is the server overloaded? Running 20073ms or 401 ticks behind
[06:01:52] [Server thread/WARN]: Can't keep up! Is the server overloaded? Running 26185ms or 523 ticks behind
[06:02:34] [Server thread/WARN]: Can't keep up! Is the server overloaded? Running 12316ms or 246 ticks behind
[06:03:16] [Server thread/WARN]: Can't keep up! Is the server overloaded? Running 11791ms or 235 ticks behind
[06:03:55] [Server thread/WARN]: Can't keep up! Is the server overloaded? Running 9239ms or 184 ticks behind
[06:04:35] [Server thread/WARN]: Can't keep up! Is the server overloaded? Running 9924ms or 198 ticks behind
[06:05:18] [Server thread/WARN]: Can't keep up! Is the server overloaded? Running 12588ms or 251 ticks behind
[06:05:58] [Server thread/WARN]: Can't keep up! Is the server overloaded? Running 10119ms or 202 ticks behind
[06:06:34] [Server thread/WARN]: Can't keep up! Is the server overloaded? Running 6493ms or 129 ticks behind
[06:07:13] [Server thread/WARN]: Can't keep up! Is the server overloaded? Running 8260ms or 165 ticks behind
[06:07:52] [Server thread/WARN]: Can't keep up! Is the server overloaded? Running 9279ms or 185 ticks behind
[06:08:31] [Server thread/WARN]: Can't keep up! Is the server overloaded? Running 9022ms or 180 ticks behind
[06:09:08] [Server thread/WARN]: Can't keep up! Is the server overloaded? Running 6935ms or 138 ticks behind
[06:09:51] [Server thread/WARN]: Can't keep up! Is the server overloaded? Running 13024ms or 260 ticks behind
[06:10:29] [Server thread/WARN]: Can't keep up! Is the server overloaded? Running 8773ms or 175 ticks behind
[06:11:10] [Server thread/WARN]: Can't keep up! Is the server overloaded? Running 10902ms or 218 ticks behind
[06:11:53] [Server thread/WARN]: Can't keep up! Is the server overloaded? Running 12673ms or 253 ticks behind
[06:12:34] [Server thread/WARN]: Can't keep up! Is the server overloaded? Running 10582ms or 211 ticks behind
[06:13:13] [Server thread/WARN]: Can't keep up! Is the server overloaded? Running 9307ms or 186 ticks behind
[06:13:55] [Server thread/WARN]: Can't keep up! Is the server overloaded? Running 12082ms or 241 ticks behind
[06:14:35] [Server thread/WARN]: Can't keep up! Is the server overloaded? Running 10125ms or 202 ticks behind
[06:15:13] [Server thread/WARN]: Can't keep up! Is the server overloaded? Running 8362ms or 167 ticks behind
[06:15:52] [Server thread/WARN]: Can't keep up! Is the server overloaded? Running 8346ms or 166 ticks behind
[06:16:31] [Server thread/WARN]: Can't keep up! Is the server overloaded? Running 8891ms or 177 ticks behind
[06:17:07] [Server thread/WARN]: Can't keep up! Is the server overloaded? Running 6566ms or 131 ticks behind
[06:17:45] [Server thread/WARN]: Can't keep up! Is the server overloaded? Running 8215ms or 164 ticks behind
[06:18:24] [Server thread/WARN]: Can't keep up! Is the server overloaded? Running 8872ms or 177 ticks behind
[06:19:01] [Server thread/WARN]: Can't keep up! Is the server overloaded? Running 6841ms or 136 ticks behind
[06:19:38] [Server thread/WARN]: Can't keep up! Is the server overloaded? Running 7037ms or 140 ticks behind
[06:20:15] [Server thread/WARN]: Can't keep up! Is the server overloaded? Running 6775ms or 135 ticks behind
[06:20:31] [Server thread/INFO]: kresna009CH issued server command: /w kyy_15 ada tau tempat slime ga
[06:20:55] [Server thread/WARN]: Can't keep up! Is the server overloaded? Running 10422ms or 208 ticks behind
[06:21:27] [Server thread/INFO]: kyy_15 issued server command: /msg kresna009CH lupa aku nama nya swam kah atau apa itu
[06:21:33] [Server thread/WARN]: Can't keep up! Is the server overloaded? Running 7597ms or 151 ticks behind
[06:24:00] [Server thread/WARN]: Can't keep up! Is the server overloaded? Running 5405ms or 108 ticks behind
[06:26:09] [Server thread/WARN]: Can't keep up! Is the server overloaded? Running 5048ms or 100 ticks behind
[06:26:44] [Server thread/WARN]: Can't keep up! Is the server overloaded? Running 5395ms or 107 ticks behind
[06:27:00] [Server thread/INFO]: kresna009CH lost connection: Disconnected
[06:27:00] [Server thread/INFO]: kresna009CH left the game
[06:29:11] [Server thread/INFO]: kresna009CH[/139.0.160.28:62408] logged in with entity id 3829260 at ([world]960.3991088102109, 64.0, 2353.009263153741)
[06:29:47] [Server thread/WARN]: Can't keep up! Is the server overloaded? Running 5016ms or 100 ticks behind
[06:31:05] [Server thread/WARN]: Can't keep up! Is the server overloaded? Running 5041ms or 100 ticks behind
[06:31:51] [Server thread/WARN]: Can't keep up! Is the server overloaded? Running 16576ms or 331 ticks behind
[06:32:38] [Server thread/WARN]: Can't keep up! Is the server overloaded? Running 17003ms or 340 ticks behind
[06:33:28] [Server thread/WARN]: Can't keep up! Is the server overloaded? Running 19946ms or 398 ticks behind
[06:34:19] [Server thread/WARN]: Can't keep up! Is the server overloaded? Running 20421ms or 408 ticks behind
[06:35:11] [Server thread/WARN]: Can't keep up! Is the server overloaded? Running 22482ms or 449 ticks behind
[06:35:59] [Server thread/WARN]: Can't keep up! Is the server overloaded? Running 17993ms or 359 ticks behind
[06:36:48] [Server thread/WARN]: Can't keep up! Is the server overloaded? Running 19188ms or 383 ticks behind
[06:37:30] [Server thread/WARN]: Can't keep up! Is the server overloaded? Running 12148ms or 242 ticks behind
[06:38:20] [Server thread/WARN]: Can't keep up! Is the server overloaded? Running 20035ms or 400 ticks behind
[06:39:11] [Server thread/WARN]: Can't keep up! Is the server overloaded? Running 20755ms or 415 ticks behind
[06:40:03] [Server thread/WARN]: Can't keep up! Is the server overloaded? Running 22130ms or 442 ticks behind
[06:40:50] [Server thread/WARN]: Can't keep up! Is the server overloaded? Running 16986ms or 339 ticks behind
[06:41:43] [Server thread/WARN]: Can't keep up! Is the server overloaded? Running 22504ms or 450 ticks behind
[06:42:16] [Server thread/INFO]: kyy_15 issued server command: /msg kresna009CH ada kayu gak kres
[06:42:31] [Server thread/INFO]: <kresna009CH> aku lagi jelajah kyy[m
[06:42:35] [Server thread/WARN]: Can't keep up! Is the server overloaded? Running 22181ms or 443 ticks behind
[06:42:39] [Server thread/INFO]: <kyy_15> oalah[m
[06:42:59] [Server thread/INFO]: kresna009CH issued server command: /w kyy_15 dapet biome es
[06:43:25] [Server thread/WARN]: Can't keep up! Is the server overloaded? Running 20559ms or 411 ticks behind
[06:43:39] [Server thread/INFO]: kyy_15 issued server command: /msg kresna009CH nice
[06:44:14] [Server thread/WARN]: Can't keep up! Is the server overloaded? Running 18391ms or 367 ticks behind
[06:45:07] [Server thread/WARN]: Can't keep up! Is the server overloaded? Running 23320ms or 466 ticks behind
[06:45:44] [Server thread/WARN]: Can't keep up! Is the server overloaded? Running 7456ms or 149 ticks behind
[06:47:20] [Server thread/WARN]: Can't keep up! Is the server overloaded? Running 5005ms or 100 ticks behind
[06:48:00] [Server thread/WARN]: Can't keep up! Is the server overloaded? Running 9664ms or 193 ticks behind
[06:48:36] [Server thread/WARN]: Can't keep up! Is the server overloaded? Running 6135ms or 122 ticks behind
[06:50:27] [Server thread/WARN]: Can't keep up! Is the server overloaded? Running 5878ms or 117 ticks behind
[06:51:39] [Server thread/WARN]: Can't keep up! Is the server overloaded? Running 5004ms or 100 ticks behind
[06:58:07] [Server thread/WARN]: Can't keep up! Is the server overloaded? Running 5004ms or 100 ticks behind
[06:59:49] [Server thread/WARN]: Can't keep up! Is the server overloaded? Running 5017ms or 100 ticks behind
[07:00:47] [Server thread/WARN]: Can't keep up! Is the server overloaded? Running 5140ms or 102 ticks behind
[07:01:32] [Server thread/INFO]: kresna009CH issued server command: /w kyy_15 anjir
[07:01:37] [Server thread/WARN]: Can't keep up! Is the server overloaded? Running 19979ms or 399 ticks behind
[07:02:08] [Server thread/INFO]: kyy_15 issued server command: /msg kresna009CH knp
[07:02:23] [Server thread/WARN]: Can't keep up! Is the server overloaded? Running 16572ms or 331 ticks behind
[07:02:27] [Server thread/INFO]: kresna009CH issued server command: /w kyy_15 niat cari slime dapetnya biome es + ocean monumen
[07:02:56] [Server thread/INFO]: kyy_15 issued server command: /msg kresna009CH anjir
[07:03:11] [Server thread/WARN]: Can't keep up! Is the server overloaded? Running 17892ms or 357 ticks behind
[07:04:01] [Server thread/WARN]: Can't keep up! Is the server overloaded? Running 20211ms or 404 ticks behind
[07:04:54] [Server thread/WARN]: Can't keep up! Is the server overloaded? Running 22803ms or 456 ticks behind
[07:05:43] [Server thread/WARN]: Can't keep up! Is the server overloaded? Running 18633ms or 372 ticks behind
[07:06:35] [Server thread/WARN]: Can't keep up! Is the server overloaded? Running 21939ms or 438 ticks behind
[07:07:25] [Server thread/WARN]: Can't keep up! Is the server overloaded? Running 20547ms or 410 ticks behind
[07:07:47] [Server thread/INFO]: Villager EntityVillager['Villager'/3854452, l='ServerLevel[world]', x=224.72, y=68.56, z=5780.63] died, message: 'Villager suffocated in a wall'
[07:07:48] [Server thread/INFO]: Villager EntityVillager['Villager'/3854539, l='ServerLevel[world]', x=213.37, y=64.00, z=5823.72] died, message: 'Villager suffocated in a wall'
[07:08:51] [Server thread/WARN]: Can't keep up! Is the server overloaded? Running 55905ms or 1118 ticks behind
[07:09:57] [Server thread/WARN]: Can't keep up! Is the server overloaded? Running 36000ms or 720 ticks behind
[07:10:36] [Server thread/WARN]: Can't keep up! Is the server overloaded? Running 9532ms or 190 ticks behind
[07:11:40] [Server thread/WARN]: Can't keep up! Is the server overloaded? Running 33708ms or 674 ticks behind
[07:13:09] [Server Watchdog/FATAL]: A single server tick took 60.00 seconds (should be max 0.05)
[07:13:09] [Server Watchdog/FATAL]: Considering it to be crashed, server will forcibly shutdown.
[07:13:11] [Server Watchdog/ERROR]: This crash report has been saved to: /root/mc/./crash-reports/crash-2022-01-05_07.13.11-server.txt
[07:13:11] [Thread-1/INFO]: Stopping server
